23-07-04 14:10:53.176 - INFO:   name: ir-sde
  use_tb_logger: True
  model: denoising
  distortion: derain
  gpu_ids: [2]
  sde:[
    max_sigma: 40
    T: 600
    schedule: cosine
    eps: 0.005
  ]
  degradation:[
    sigma: 25
    noise_type: G
    scale: 4
    mask_root: /home/liuqieg/theworld/hbz/irsde_k_PI/codes/config/inpainting/datasets/mask/single_random4
    weight_root: /home/liuqieg/theworld/hbz/irsde_k_PI/codes/config/inpainting/datasets/weight
  ]
  datasets:[
    train:[
      name: Train_Dataset
      mode: GT
      dataroot_GT: /home/liuqieg/theworld/hbz/irsde_k_PI/codes/config/inpainting/datasets/siat_256size_train
      weight_root: /home/liuqieg/theworld/hbz/irsde_k_PI/codes/config/inpainting/datasets/weight
      use_shuffle: True
      n_workers: 4
      batch_size: 4
      GT_size: 256
      use_flip: True
      use_rot: True
      color: RGB
      phase: train
      scale: 1
      data_type: img
    ]
    val:[
      name: Val_Dataset
      mode: GT
      dataroot_GT: /home/liuqieg/theworld/hbz/irsde_k_PI/codes/config/inpainting/datasets/test15
      weight_root: /home/liuqieg/theworld/hbz/irsde_k_PI/codes/config/inpainting/datasets/weight
      phase: val
      scale: 1
      data_type: img
    ]
  ]
  network_G:[
    which_model_G: ConditionalUNet
    setting:[
      in_nc: 2
      out_nc: 2
      nf: 64
      depth: 4
    ]
  ]
  path:[
    pretrain_model_G: None
    strict_load: True
    resume_state: None
    root: /home/liuqieg/theworld/hbz/lingshi_test
    experiments_root: /home/liuqieg/theworld/hbz/lingshi_test/experiments/inpainting/ir-sde
    models: /home/liuqieg/theworld/hbz/lingshi_test/experiments/inpainting/ir-sde/models
    training_state: /home/liuqieg/theworld/hbz/lingshi_test/experiments/inpainting/ir-sde/training_state
    log: /home/liuqieg/theworld/hbz/lingshi_test/experiments/inpainting/ir-sde
    val_images: /home/liuqieg/theworld/hbz/lingshi_test/experiments/inpainting/ir-sde/val_images
  ]
  train:[
    optimizer: Adam
    lr_G: 0.0001
    lr_scheme: MultiStepLR
    beta1: 0.9
    beta2: 0.99
    niter: 550000
    warmup_iter: -1
    lr_steps: [80000, 180000, 300000]
    lr_gamma: 0.5
    eta_min: 1e-07
    is_weighted: False
    loss_type: l1
    weight: 1.0
    manual_seed: 0
    val_freq: 5000.0
  ]
  logger:[
    print_freq: 100
    save_checkpoint_freq: 5000.0
  ]
  is_train: True
  dist: False

23-07-04 14:10:53.575 - INFO: Dataset [GTDataset - Train_Dataset] is created.
23-07-04 14:10:53.575 - INFO: Number of train images: 4,000, iters: 1,000
23-07-04 14:10:53.575 - INFO: Total epochs needed: 550 for iters 550,000
23-07-04 14:10:53.576 - INFO: Dataset [GTDataset - Val_Dataset] is created.
23-07-04 14:10:53.576 - INFO: Number of val images in [Val_Dataset]: 15
23-07-04 14:10:58.797 - INFO: Model [DenoisingModel] is created.
23-07-04 14:10:58.800 - INFO: Start training from epoch: 0, iter: 0
